<?xml version="1.0" encoding="UTF-8"?>
<!-- Generated by org.testng.reporters.JUnitReportReporter -->
<testsuite skipped="0" hostname="DESKTOP-95O0H65" name="runner.TC001_LoginLogout" tests="2" failures="0" timestamp="06 Oct 2019 07:00:05 GMT" time="28.235" errors="0">
  <testcase name="runScenario" time="15.413" classname="runner.TC001_LoginLogout"/>
  <testcase name="runScenario" time="12.822" classname="runner.TC001_LoginLogout"/>
</testsuite> <!-- runner.TC001_LoginLogout -->
